<?xml version="1.0" encoding="UTF-8"?>
<testsuite name="test.LocationTest" tests="4" skipped="0" failures="0" errors="0" timestamp="2018-01-11T22:48:46" hostname="Jacobs-MacBook-Pro.local" time="0.434">
  <properties/>
  <testcase name="test_location_user_connection" classname="test.LocationTest" time="0.146"/>
  <testcase name="test_location_address_connection" classname="test.LocationTest" time="0.113"/>
  <testcase name="test_location_discount_connection" classname="test.LocationTest" time="0.089"/>
  <testcase name="test_location_company_connection" classname="test.LocationTest" time="0.085"/>
  <system-out><![CDATA[]]></system-out>
  <system-err><![CDATA[Jan 11, 2018 3:48:46 PM org.hibernate.jpa.internal.util.LogHelper logPersistenceUnitInformation
INFO: HHH000204: Processing PersistenceUnitInfo [
	name: vetPU
	...]
Jan 11, 2018 3:48:46 PM org.hibernate.engine.jdbc.connections.internal.ConnectionProviderInitiator initiateService
INFO: HHH000130: Instantiating explicit connection provider: org.hibernate.connection.C3P0ConnectionProvider
Jan 11, 2018 3:48:46 PM org.hibernate.c3p0.internal.C3P0ConnectionProvider configure
INFO: HHH010002: C3P0 using driver: com.mysql.jdbc.Driver at URL: jdbc:mysql://localhost:3306/vetdiscountdb
Jan 11, 2018 3:48:46 PM org.hibernate.c3p0.internal.C3P0ConnectionProvider configure
INFO: HHH10001001: Connection properties: {user=veteran, password=****, zeroDateTimeBehavior=convertToNull}
Jan 11, 2018 3:48:46 PM org.hibernate.c3p0.internal.C3P0ConnectionProvider configure
INFO: HHH10001003: Autocommit mode: false
Jan 11, 2018 3:48:46 PM org.hibernate.c3p0.internal.C3P0ConnectionProvider configure
INFO: HHH10001007: JDBC isolation level: <unknown>
Jan 11, 2018 3:48:46 PM com.mchange.v2.c3p0.impl.AbstractPoolBackedDataSource getPoolManager
INFO: Initializing c3p0 pool... com.mchange.v2.c3p0.PoolBackedDataSource@5ac5b240 [ connectionPoolDataSource -> com.mchange.v2.c3p0.WrapperConnectionPoolDataSource@97360480 [ acquireIncrement -> 1, acquireRetryAttempts -> 30, acquireRetryDelay -> 1000, autoCommitOnClose -> false, automaticTestTable -> null, breakAfterAcquireFailure -> false, checkoutTimeout -> 0, connectionCustomizerClassName -> null, connectionTesterClassName -> com.mchange.v2.c3p0.impl.DefaultConnectionTester, debugUnreturnedConnectionStackTraces -> false, factoryClassLocation -> null, forceIgnoreUnresolvedTransactions -> false, identityToken -> 1bqrzrv9s1s7i30m9dgbg1|2a30da33, idleConnectionTestPeriod -> 300, initialPoolSize -> 0, maxAdministrativeTaskTime -> 0, maxConnectionAge -> 0, maxIdleTime -> 60, maxIdleTimeExcessConnections -> 0, maxPoolSize -> 5, maxStatements -> 0, maxStatementsPerConnection -> 0, minPoolSize -> 0, nestedDataSource -> com.mchange.v2.c3p0.DriverManagerDataSource@b4f592da [ description -> null, driverClass -> null, factoryClassLocation -> null, identityToken -> 1bqrzrv9s1s7i30m9dgbg1|410d78fc, jdbcUrl -> jdbc:mysql://localhost:3306/vetdiscountdb, properties -> {user=******, password=******, zeroDateTimeBehavior=convertToNull} ], preferredTestQuery -> null, propertyCycle -> 0, statementCacheNumDeferredCloseThreads -> 0, testConnectionOnCheckin -> false, testConnectionOnCheckout -> false, unreturnedConnectionTimeout -> 0, usesTraditionalReflectiveProxies -> false; userOverrides: {} ], dataSourceName -> null, factoryClassLocation -> null, identityToken -> 1bqrzrv9s1s7i30m9dgbg1|17c5132a, numHelperThreads -> 3 ]
Jan 11, 2018 3:48:46 PM org.hibernate.dialect.Dialect <init>
INFO: HHH000400: Using dialect: org.hibernate.dialect.MySQLDialect
Jan 11, 2018 3:48:46 PM org.hibernate.engine.jdbc.env.internal.LobCreatorBuilderImpl useContextualLobCreation
INFO: HHH000424: Disabling contextual LOB creation as createClob() method threw error : java.lang.reflect.InvocationTargetException
Jan 11, 2018 3:48:46 PM org.hibernate.jpa.internal.util.LogHelper logPersistenceUnitInformation
INFO: HHH000204: Processing PersistenceUnitInfo [
	name: vetPU
	...]
Jan 11, 2018 3:48:46 PM org.hibernate.engine.jdbc.connections.internal.ConnectionProviderInitiator initiateService
INFO: HHH000130: Instantiating explicit connection provider: org.hibernate.connection.C3P0ConnectionProvider
Jan 11, 2018 3:48:46 PM org.hibernate.c3p0.internal.C3P0ConnectionProvider configure
INFO: HHH010002: C3P0 using driver: com.mysql.jdbc.Driver at URL: jdbc:mysql://localhost:3306/vetdiscountdb
Jan 11, 2018 3:48:46 PM org.hibernate.c3p0.internal.C3P0ConnectionProvider configure
INFO: HHH10001001: Connection properties: {user=veteran, password=****, zeroDateTimeBehavior=convertToNull}
Jan 11, 2018 3:48:46 PM org.hibernate.c3p0.internal.C3P0ConnectionProvider configure
INFO: HHH10001003: Autocommit mode: false
Jan 11, 2018 3:48:46 PM org.hibernate.c3p0.internal.C3P0ConnectionProvider configure
INFO: HHH10001007: JDBC isolation level: <unknown>
Jan 11, 2018 3:48:46 PM com.mchange.v2.c3p0.impl.AbstractPoolBackedDataSource getPoolManager
INFO: Initializing c3p0 pool... com.mchange.v2.c3p0.PoolBackedDataSource@846c923f [ connectionPoolDataSource -> com.mchange.v2.c3p0.WrapperConnectionPoolDataSource@f21134e9 [ acquireIncrement -> 1, acquireRetryAttempts -> 30, acquireRetryDelay -> 1000, autoCommitOnClose -> false, automaticTestTable -> null, breakAfterAcquireFailure -> false, checkoutTimeout -> 0, connectionCustomizerClassName -> null, connectionTesterClassName -> com.mchange.v2.c3p0.impl.DefaultConnectionTester, debugUnreturnedConnectionStackTraces -> false, factoryClassLocation -> null, forceIgnoreUnresolvedTransactions -> false, identityToken -> 1bqrzrv9s1s7i30m9dgbg1|56b185b5, idleConnectionTestPeriod -> 300, initialPoolSize -> 0, maxAdministrativeTaskTime -> 0, maxConnectionAge -> 0, maxIdleTime -> 60, maxIdleTimeExcessConnections -> 0, maxPoolSize -> 5, maxStatements -> 0, maxStatementsPerConnection -> 0, minPoolSize -> 0, nestedDataSource -> com.mchange.v2.c3p0.DriverManagerDataSource@89a25773 [ description -> null, driverClass -> null, factoryClassLocation -> null, identityToken -> 1bqrzrv9s1s7i30m9dgbg1|7f0cb7cb, jdbcUrl -> jdbc:mysql://localhost:3306/vetdiscountdb, properties -> {user=******, password=******, zeroDateTimeBehavior=convertToNull} ], preferredTestQuery -> null, propertyCycle -> 0, statementCacheNumDeferredCloseThreads -> 0, testConnectionOnCheckin -> false, testConnectionOnCheckout -> false, unreturnedConnectionTimeout -> 0, usesTraditionalReflectiveProxies -> false; userOverrides: {} ], dataSourceName -> null, factoryClassLocation -> null, identityToken -> 1bqrzrv9s1s7i30m9dgbg1|2f91bc30, numHelperThreads -> 3 ]
Jan 11, 2018 3:48:46 PM org.hibernate.dialect.Dialect <init>
INFO: HHH000400: Using dialect: org.hibernate.dialect.MySQLDialect
Jan 11, 2018 3:48:46 PM org.hibernate.engine.jdbc.env.internal.LobCreatorBuilderImpl useContextualLobCreation
INFO: HHH000424: Disabling contextual LOB creation as createClob() method threw error : java.lang.reflect.InvocationTargetException
Jan 11, 2018 3:48:46 PM org.hibernate.jpa.internal.util.LogHelper logPersistenceUnitInformation
INFO: HHH000204: Processing PersistenceUnitInfo [
	name: vetPU
	...]
Jan 11, 2018 3:48:46 PM org.hibernate.engine.jdbc.connections.internal.ConnectionProviderInitiator initiateService
INFO: HHH000130: Instantiating explicit connection provider: org.hibernate.connection.C3P0ConnectionProvider
Jan 11, 2018 3:48:46 PM org.hibernate.c3p0.internal.C3P0ConnectionProvider configure
INFO: HHH010002: C3P0 using driver: com.mysql.jdbc.Driver at URL: jdbc:mysql://localhost:3306/vetdiscountdb
Jan 11, 2018 3:48:46 PM org.hibernate.c3p0.internal.C3P0ConnectionProvider configure
INFO: HHH10001001: Connection properties: {user=veteran, password=****, zeroDateTimeBehavior=convertToNull}
Jan 11, 2018 3:48:46 PM org.hibernate.c3p0.internal.C3P0ConnectionProvider configure
INFO: HHH10001003: Autocommit mode: false
Jan 11, 2018 3:48:46 PM org.hibernate.c3p0.internal.C3P0ConnectionProvider configure
INFO: HHH10001007: JDBC isolation level: <unknown>
Jan 11, 2018 3:48:46 PM com.mchange.v2.c3p0.impl.AbstractPoolBackedDataSource getPoolManager
INFO: Initializing c3p0 pool... com.mchange.v2.c3p0.PoolBackedDataSource@faeb5301 [ connectionPoolDataSource -> com.mchange.v2.c3p0.WrapperConnectionPoolDataSource@5ac55ca6 [ acquireIncrement -> 1, acquireRetryAttempts -> 30, acquireRetryDelay -> 1000, autoCommitOnClose -> false, automaticTestTable -> null, breakAfterAcquireFailure -> false, checkoutTimeout -> 0, connectionCustomizerClassName -> null, connectionTesterClassName -> com.mchange.v2.c3p0.impl.DefaultConnectionTester, debugUnreturnedConnectionStackTraces -> false, factoryClassLocation -> null, forceIgnoreUnresolvedTransactions -> false, identityToken -> 1bqrzrv9s1s7i30m9dgbg1|4c3f1de3, idleConnectionTestPeriod -> 300, initialPoolSize -> 0, maxAdministrativeTaskTime -> 0, maxConnectionAge -> 0, maxIdleTime -> 60, maxIdleTimeExcessConnections -> 0, maxPoolSize -> 5, maxStatements -> 0, maxStatementsPerConnection -> 0, minPoolSize -> 0, nestedDataSource -> com.mchange.v2.c3p0.DriverManagerDataSource@b129026 [ description -> null, driverClass -> null, factoryClassLocation -> null, identityToken -> 1bqrzrv9s1s7i30m9dgbg1|1de0cead, jdbcUrl -> jdbc:mysql://localhost:3306/vetdiscountdb, properties -> {user=******, password=******, zeroDateTimeBehavior=convertToNull} ], preferredTestQuery -> null, propertyCycle -> 0, statementCacheNumDeferredCloseThreads -> 0, testConnectionOnCheckin -> false, testConnectionOnCheckout -> false, unreturnedConnectionTimeout -> 0, usesTraditionalReflectiveProxies -> false; userOverrides: {} ], dataSourceName -> null, factoryClassLocation -> null, identityToken -> 1bqrzrv9s1s7i30m9dgbg1|5c016e8b, numHelperThreads -> 3 ]
Jan 11, 2018 3:48:46 PM org.hibernate.dialect.Dialect <init>
INFO: HHH000400: Using dialect: org.hibernate.dialect.MySQLDialect
Jan 11, 2018 3:48:46 PM org.hibernate.engine.jdbc.env.internal.LobCreatorBuilderImpl useContextualLobCreation
INFO: HHH000424: Disabling contextual LOB creation as createClob() method threw error : java.lang.reflect.InvocationTargetException
Jan 11, 2018 3:48:46 PM org.hibernate.jpa.internal.util.LogHelper logPersistenceUnitInformation
INFO: HHH000204: Processing PersistenceUnitInfo [
	name: vetPU
	...]
Jan 11, 2018 3:48:46 PM org.hibernate.engine.jdbc.connections.internal.ConnectionProviderInitiator initiateService
INFO: HHH000130: Instantiating explicit connection provider: org.hibernate.connection.C3P0ConnectionProvider
Jan 11, 2018 3:48:46 PM org.hibernate.c3p0.internal.C3P0ConnectionProvider configure
INFO: HHH010002: C3P0 using driver: com.mysql.jdbc.Driver at URL: jdbc:mysql://localhost:3306/vetdiscountdb
Jan 11, 2018 3:48:46 PM org.hibernate.c3p0.internal.C3P0ConnectionProvider configure
INFO: HHH10001001: Connection properties: {user=veteran, password=****, zeroDateTimeBehavior=convertToNull}
Jan 11, 2018 3:48:46 PM org.hibernate.c3p0.internal.C3P0ConnectionProvider configure
INFO: HHH10001003: Autocommit mode: false
Jan 11, 2018 3:48:46 PM org.hibernate.c3p0.internal.C3P0ConnectionProvider configure
INFO: HHH10001007: JDBC isolation level: <unknown>
Jan 11, 2018 3:48:46 PM com.mchange.v2.c3p0.impl.AbstractPoolBackedDataSource getPoolManager
INFO: Initializing c3p0 pool... com.mchange.v2.c3p0.PoolBackedDataSource@396208c8 [ connectionPoolDataSource -> com.mchange.v2.c3p0.WrapperConnectionPoolDataSource@db076084 [ acquireIncrement -> 1, acquireRetryAttempts -> 30, acquireRetryDelay -> 1000, autoCommitOnClose -> false, automaticTestTable -> null, breakAfterAcquireFailure -> false, checkoutTimeout -> 0, connectionCustomizerClassName -> null, connectionTesterClassName -> com.mchange.v2.c3p0.impl.DefaultConnectionTester, debugUnreturnedConnectionStackTraces -> false, factoryClassLocation -> null, forceIgnoreUnresolvedTransactions -> false, identityToken -> 1bqrzrv9s1s7i30m9dgbg1|16700aa7, idleConnectionTestPeriod -> 300, initialPoolSize -> 0, maxAdministrativeTaskTime -> 0, maxConnectionAge -> 0, maxIdleTime -> 60, maxIdleTimeExcessConnections -> 0, maxPoolSize -> 5, maxStatements -> 0, maxStatementsPerConnection -> 0, minPoolSize -> 0, nestedDataSource -> com.mchange.v2.c3p0.DriverManagerDataSource@bfcfec54 [ description -> null, driverClass -> null, factoryClassLocation -> null, identityToken -> 1bqrzrv9s1s7i30m9dgbg1|44d9e97c, jdbcUrl -> jdbc:mysql://localhost:3306/vetdiscountdb, properties -> {user=******, password=******, zeroDateTimeBehavior=convertToNull} ], preferredTestQuery -> null, propertyCycle -> 0, statementCacheNumDeferredCloseThreads -> 0, testConnectionOnCheckin -> false, testConnectionOnCheckout -> false, unreturnedConnectionTimeout -> 0, usesTraditionalReflectiveProxies -> false; userOverrides: {} ], dataSourceName -> null, factoryClassLocation -> null, identityToken -> 1bqrzrv9s1s7i30m9dgbg1|5686ceee, numHelperThreads -> 3 ]
Jan 11, 2018 3:48:46 PM org.hibernate.dialect.Dialect <init>
INFO: HHH000400: Using dialect: org.hibernate.dialect.MySQLDialect
Jan 11, 2018 3:48:46 PM org.hibernate.engine.jdbc.env.internal.LobCreatorBuilderImpl useContextualLobCreation
INFO: HHH000424: Disabling contextual LOB creation as createClob() method threw error : java.lang.reflect.InvocationTargetException
]]></system-err>
</testsuite>
